<?xml version="1.0" encoding="UTF-8"?>
<!-- Generated by org.testng.reporters.JUnitReportReporter -->
<testsuite hostname="DESKTOP-EU4AOID" failures="0" tests="1" name="SampleTest" time="3.015" errors="0" timestamp="2024-08-12T11:56:39 IST" skipped="0">
  <testcase classname="SampleTest" name="sampleGetReqTest" time="3.015"/>
</testsuite> <!-- SampleTest -->
