<?xml version="1.0" encoding="UTF-8"?>
<!-- Generated by org.testng.reporters.JUnitReportReporter -->
<testsuite hostname="DESKTOP-EU4AOID" failures="0" tests="1" name="practice.Run1" time="0.012" errors="0" timestamp="2024-08-12T12:36:53 IST" skipped="0">
  <testcase classname="practice.Run1" name="sampleTest" time="0.012"/>
</testsuite> <!-- practice.Run1 -->
