<?xml version="1.0" encoding="UTF-8"?>
<!-- Generated by org.testng.reporters.JUnitReportReporter -->
<testsuite hostname="DESKTOP-EU4AOID" failures="0" tests="1" name="practice.SampleTestUsingMtdChaining" time="2.139" errors="0" timestamp="2024-08-12T17:03:44 IST" skipped="0">
  <testcase classname="practice.SampleTestUsingMtdChaining" name="getRequestTest" time="2.139"/>
</testsuite> <!-- practice.SampleTestUsingMtdChaining -->
