<?xml version="1.0" encoding="UTF-8"?>
<!-- Generated by org.testng.reporters.JUnitReportReporter -->
<testsuite hostname="DESKTOP-EU4AOID" failures="0" tests="1" name="practice.Run1_A_mtd_chaining" time="0.013" errors="0" timestamp="2024-08-12T16:31:19 IST" skipped="0">
  <testcase classname="practice.Run1_A_mtd_chaining" name="sampleTTest" time="0.013"/>
</testsuite> <!-- practice.Run1_A_mtd_chaining -->
